<?xml version="1.0" encoding="UTF-8"?>
<testsuite xmlns:xsi="http://www.w3.org/2001/XMLSchema-instance" xsi:noNamespaceSchemaLocation="https://maven.apache.org/surefire/maven-surefire-plugin/xsd/surefire-test-report-3.0.xsd" version="3.0" name="cat.xtec.ioc.repository.impl.DBConnTest" time="0.07" tests="2" errors="0" skipped="0" failures="0">
  <properties>
    <property name="gopherProxySet" value="false"/>
    <property name="awt.toolkit" value="sun.lwawt.macosx.LWCToolkit"/>
    <property name="netbeans.deploy" value="true"/>
    <property name="file.encoding.pkg" value="sun.io"/>
    <property name="java.specification.version" value="1.8"/>
    <property name="sun.cpu.isalist" value=""/>
    <property name="sun.jnu.encoding" value="UTF-8"/>
    <property name="java.class.path" value="/Users/victor/Desktop/IOC/IOC ARA/M07_Desenvolupament web en entorn serivdor_Bloc2/Github/dawm07eac4TreemarkProva1/target/test-classes:/Users/victor/Desktop/IOC/IOC ARA/M07_Desenvolupament web en entorn serivdor_Bloc2/Github/dawm07eac4TreemarkProva1/target/classes:/Users/victor/.m2/repository/org/springframework/spring-webmvc/4.3.4.RELEASE/spring-webmvc-4.3.4.RELEASE.jar:/Users/victor/.m2/repository/org/springframework/spring-aop/4.3.4.RELEASE/spring-aop-4.3.4.RELEASE.jar:/Users/victor/.m2/repository/org/springframework/spring-beans/4.3.4.RELEASE/spring-beans-4.3.4.RELEASE.jar:/Users/victor/.m2/repository/org/springframework/spring-context/4.3.4.RELEASE/spring-context-4.3.4.RELEASE.jar:/Users/victor/.m2/repository/org/springframework/spring-expression/4.3.4.RELEASE/spring-expression-4.3.4.RELEASE.jar:/Users/victor/.m2/repository/org/springframework/spring-web/4.3.4.RELEASE/spring-web-4.3.4.RELEASE.jar:/Users/victor/.m2/repository/javax/servlet/jstl/1.2/jstl-1.2.jar:/Users/victor/.m2/repository/javax/servlet/javax.servlet-api/3.1.0/javax.servlet-api-3.1.0.jar:/Users/victor/.m2/repository/javax/javaee-web-api/7.0/javaee-web-api-7.0.jar:/Users/victor/.m2/repository/com/h2database/h2/1.4.190/h2-1.4.190.jar:/Users/victor/.m2/repository/org/eclipse/persistence/eclipselink/2.6.4/eclipselink-2.6.4.jar:/Users/victor/.m2/repository/org/eclipse/persistence/javax.persistence/2.1.1/javax.persistence-2.1.1.jar:/Users/victor/.m2/repository/org/eclipse/persistence/commonj.sdo/2.1.1/commonj.sdo-2.1.1.jar:/Users/victor/.m2/repository/javax/validation/validation-api/1.1.0.Final/validation-api-1.1.0.Final.jar:/Users/victor/.m2/repository/org/glassfish/javax.json/1.0.4/javax.json-1.0.4.jar:/Users/victor/.m2/repository/junit/junit/4.12/junit-4.12.jar:/Users/victor/.m2/repository/org/hamcrest/hamcrest-core/1.3/hamcrest-core-1.3.jar:/Users/victor/.m2/repository/org/springframework/spring-core/4.3.4.RELEASE/spring-core-4.3.4.RELEASE.jar:/Users/victor/.m2/repository/commons-logging/commons-logging/1.2/commons-logging-1.2.jar:/Users/victor/.m2/repository/mysql/mysql-connector-java/5.1.40/mysql-connector-java-5.1.40.jar:/Users/victor/.m2/repository/org/springframework/spring-tx/4.3.4.RELEASE/spring-tx-4.3.4.RELEASE.jar:/Users/victor/.m2/repository/org/springframework/spring-orm/4.3.4.RELEASE/spring-orm-4.3.4.RELEASE.jar:/Users/victor/.m2/repository/org/springframework/spring-jdbc/4.3.4.RELEASE/spring-jdbc-4.3.4.RELEASE.jar:/Users/victor/.m2/repository/org/hibernate/hibernate-core/5.2.5.Final/hibernate-core-5.2.5.Final.jar:/Users/victor/.m2/repository/org/jboss/logging/jboss-logging/3.3.0.Final/jboss-logging-3.3.0.Final.jar:/Users/victor/.m2/repository/org/hibernate/javax/persistence/hibernate-jpa-2.1-api/1.0.0.Final/hibernate-jpa-2.1-api-1.0.0.Final.jar:/Users/victor/.m2/repository/org/javassist/javassist/3.20.0-GA/javassist-3.20.0-GA.jar:/Users/victor/.m2/repository/antlr/antlr/2.7.7/antlr-2.7.7.jar:/Users/victor/.m2/repository/org/apache/geronimo/specs/geronimo-jta_1.1_spec/1.1.1/geronimo-jta_1.1_spec-1.1.1.jar:/Users/victor/.m2/repository/org/jboss/jandex/2.0.3.Final/jandex-2.0.3.Final.jar:/Users/victor/.m2/repository/com/fasterxml/classmate/1.3.0/classmate-1.3.0.jar:/Users/victor/.m2/repository/dom4j/dom4j/1.6.1/dom4j-1.6.1.jar:/Users/victor/.m2/repository/org/hibernate/common/hibernate-commons-annotations/5.0.1.Final/hibernate-commons-annotations-5.0.1.Final.jar:/Users/victor/.m2/repository/javax/enterprise/cdi-api/1.1/cdi-api-1.1.jar:/Users/victor/.m2/repository/javax/el/el-api/2.2/el-api-2.2.jar:/Users/victor/.m2/repository/org/jboss/spec/javax/interceptor/jboss-interceptors-api_1.1_spec/1.0.0.Beta1/jboss-interceptors-api_1.1_spec-1.0.0.Beta1.jar:/Users/victor/.m2/repository/javax/annotation/jsr250-api/1.0/jsr250-api-1.0.jar:/Users/victor/.m2/repository/javax/inject/javax.inject/1/javax.inject-1.jar:/Users/victor/.m2/repository/org/hibernate/hibernate-validator/5.3.4.Final/hibernate-validator-5.3.4.Final.jar:/Users/victor/.m2/repository/org/springframework/security/spring-security-web/3.1.4.RELEASE/spring-security-web-3.1.4.RELEASE.jar:/Users/victor/.m2/repository/aopalliance/aopalliance/1.0/aopalliance-1.0.jar:/Users/victor/.m2/repository/org/springframework/security/spring-security-core/3.1.4.RELEASE/spring-security-core-3.1.4.RELEASE.jar:/Users/victor/.m2/repository/org/springframework/security/spring-security-taglibs/3.1.4.RELEASE/spring-security-taglibs-3.1.4.RELEASE.jar:/Users/victor/.m2/repository/org/springframework/security/spring-security-acl/3.1.4.RELEASE/spring-security-acl-3.1.4.RELEASE.jar:"/>
    <property name="java.vm.vendor" value="Temurin"/>
    <property name="sun.arch.data.model" value="64"/>
    <property name="exec.appArgs" value=""/>
    <property name="java.vendor.url" value="https://adoptium.net/"/>
    <property name="user.timezone" value=""/>
    <property name="java.vm.specification.version" value="1.8"/>
    <property name="os.name" value="Mac OS X"/>
    <property name="sun.java.launcher" value="SUN_STANDARD"/>
    <property name="user.country" value="ES"/>
    <property name="sun.boot.library.path" value="/Users/victor/NetBeansJDKs/OpenJDK8U-jdk_x64_mac_hotspot_8u422b05.tar/jdk8u422-b05/Contents/Home/jre/lib"/>
    <property name="sun.java.command" value="/Users/victor/Desktop/IOC/IOC ARA/M07_Desenvolupament web en entorn serivdor_Bloc2/Github/dawm07eac4TreemarkProva1/target/surefire/surefirebooter-20251007234406653_3.jar /Users/victor/Desktop/IOC/IOC ARA/M07_Desenvolupament web en entorn serivdor_Bloc2/Github/dawm07eac4TreemarkProva1/target/surefire 2025-10-07T23-44-05_723-jvmRun1 surefire-20251007234406653_1tmp surefire_0-20251007234406653_2tmp"/>
    <property name="http.nonProxyHosts" value="local|*.local|169.254/16|*.169.254/16"/>
    <property name="surefire.test.class.path" value="/Users/victor/Desktop/IOC/IOC ARA/M07_Desenvolupament web en entorn serivdor_Bloc2/Github/dawm07eac4TreemarkProva1/target/test-classes:/Users/victor/Desktop/IOC/IOC ARA/M07_Desenvolupament web en entorn serivdor_Bloc2/Github/dawm07eac4TreemarkProva1/target/classes:/Users/victor/.m2/repository/org/springframework/spring-webmvc/4.3.4.RELEASE/spring-webmvc-4.3.4.RELEASE.jar:/Users/victor/.m2/repository/org/springframework/spring-aop/4.3.4.RELEASE/spring-aop-4.3.4.RELEASE.jar:/Users/victor/.m2/repository/org/springframework/spring-beans/4.3.4.RELEASE/spring-beans-4.3.4.RELEASE.jar:/Users/victor/.m2/repository/org/springframework/spring-context/4.3.4.RELEASE/spring-context-4.3.4.RELEASE.jar:/Users/victor/.m2/repository/org/springframework/spring-expression/4.3.4.RELEASE/spring-expression-4.3.4.RELEASE.jar:/Users/victor/.m2/repository/org/springframework/spring-web/4.3.4.RELEASE/spring-web-4.3.4.RELEASE.jar:/Users/victor/.m2/repository/javax/servlet/jstl/1.2/jstl-1.2.jar:/Users/victor/.m2/repository/javax/servlet/javax.servlet-api/3.1.0/javax.servlet-api-3.1.0.jar:/Users/victor/.m2/repository/javax/javaee-web-api/7.0/javaee-web-api-7.0.jar:/Users/victor/.m2/repository/com/h2database/h2/1.4.190/h2-1.4.190.jar:/Users/victor/.m2/repository/org/eclipse/persistence/eclipselink/2.6.4/eclipselink-2.6.4.jar:/Users/victor/.m2/repository/org/eclipse/persistence/javax.persistence/2.1.1/javax.persistence-2.1.1.jar:/Users/victor/.m2/repository/org/eclipse/persistence/commonj.sdo/2.1.1/commonj.sdo-2.1.1.jar:/Users/victor/.m2/repository/javax/validation/validation-api/1.1.0.Final/validation-api-1.1.0.Final.jar:/Users/victor/.m2/repository/org/glassfish/javax.json/1.0.4/javax.json-1.0.4.jar:/Users/victor/.m2/repository/junit/junit/4.12/junit-4.12.jar:/Users/victor/.m2/repository/org/hamcrest/hamcrest-core/1.3/hamcrest-core-1.3.jar:/Users/victor/.m2/repository/org/springframework/spring-core/4.3.4.RELEASE/spring-core-4.3.4.RELEASE.jar:/Users/victor/.m2/repository/commons-logging/commons-logging/1.2/commons-logging-1.2.jar:/Users/victor/.m2/repository/mysql/mysql-connector-java/5.1.40/mysql-connector-java-5.1.40.jar:/Users/victor/.m2/repository/org/springframework/spring-tx/4.3.4.RELEASE/spring-tx-4.3.4.RELEASE.jar:/Users/victor/.m2/repository/org/springframework/spring-orm/4.3.4.RELEASE/spring-orm-4.3.4.RELEASE.jar:/Users/victor/.m2/repository/org/springframework/spring-jdbc/4.3.4.RELEASE/spring-jdbc-4.3.4.RELEASE.jar:/Users/victor/.m2/repository/org/hibernate/hibernate-core/5.2.5.Final/hibernate-core-5.2.5.Final.jar:/Users/victor/.m2/repository/org/jboss/logging/jboss-logging/3.3.0.Final/jboss-logging-3.3.0.Final.jar:/Users/victor/.m2/repository/org/hibernate/javax/persistence/hibernate-jpa-2.1-api/1.0.0.Final/hibernate-jpa-2.1-api-1.0.0.Final.jar:/Users/victor/.m2/repository/org/javassist/javassist/3.20.0-GA/javassist-3.20.0-GA.jar:/Users/victor/.m2/repository/antlr/antlr/2.7.7/antlr-2.7.7.jar:/Users/victor/.m2/repository/org/apache/geronimo/specs/geronimo-jta_1.1_spec/1.1.1/geronimo-jta_1.1_spec-1.1.1.jar:/Users/victor/.m2/repository/org/jboss/jandex/2.0.3.Final/jandex-2.0.3.Final.jar:/Users/victor/.m2/repository/com/fasterxml/classmate/1.3.0/classmate-1.3.0.jar:/Users/victor/.m2/repository/dom4j/dom4j/1.6.1/dom4j-1.6.1.jar:/Users/victor/.m2/repository/org/hibernate/common/hibernate-commons-annotations/5.0.1.Final/hibernate-commons-annotations-5.0.1.Final.jar:/Users/victor/.m2/repository/javax/enterprise/cdi-api/1.1/cdi-api-1.1.jar:/Users/victor/.m2/repository/javax/el/el-api/2.2/el-api-2.2.jar:/Users/victor/.m2/repository/org/jboss/spec/javax/interceptor/jboss-interceptors-api_1.1_spec/1.0.0.Beta1/jboss-interceptors-api_1.1_spec-1.0.0.Beta1.jar:/Users/victor/.m2/repository/javax/annotation/jsr250-api/1.0/jsr250-api-1.0.jar:/Users/victor/.m2/repository/javax/inject/javax.inject/1/javax.inject-1.jar:/Users/victor/.m2/repository/org/hibernate/hibernate-validator/5.3.4.Final/hibernate-validator-5.3.4.Final.jar:/Users/victor/.m2/repository/org/springframework/security/spring-security-web/3.1.4.RELEASE/spring-security-web-3.1.4.RELEASE.jar:/Users/victor/.m2/repository/aopalliance/aopalliance/1.0/aopalliance-1.0.jar:/Users/victor/.m2/repository/org/springframework/security/spring-security-core/3.1.4.RELEASE/spring-security-core-3.1.4.RELEASE.jar:/Users/victor/.m2/repository/org/springframework/security/spring-security-taglibs/3.1.4.RELEASE/spring-security-taglibs-3.1.4.RELEASE.jar:/Users/victor/.m2/repository/org/springframework/security/spring-security-acl/3.1.4.RELEASE/spring-security-acl-3.1.4.RELEASE.jar:"/>
    <property name="exec.vmArgs" value=""/>
    <property name="sun.cpu.endian" value="little"/>
    <property name="user.home" value="/Users/victor"/>
    <property name="user.language" value="ca"/>
    <property name="java.specification.vendor" value="Oracle Corporation"/>
    <property name="java.home" value="/Users/victor/NetBeansJDKs/OpenJDK8U-jdk_x64_mac_hotspot_8u422b05.tar/jdk8u422-b05/Contents/Home/jre"/>
    <property name="basedir" value="/Users/victor/Desktop/IOC/IOC ARA/M07_Desenvolupament web en entorn serivdor_Bloc2/Github/dawm07eac4TreemarkProva1"/>
    <property name="file.separator" value="/"/>
    <property name="line.separator" value="&#10;"/>
    <property name="java.vm.specification.vendor" value="Oracle Corporation"/>
    <property name="java.specification.name" value="Java Platform API Specification"/>
    <property name="java.awt.graphicsenv" value="sun.awt.CGraphicsEnvironment"/>
    <property name="surefire.real.class.path" value="/Users/victor/Desktop/IOC/IOC ARA/M07_Desenvolupament web en entorn serivdor_Bloc2/Github/dawm07eac4TreemarkProva1/target/surefire/surefirebooter-20251007234406653_3.jar:/Users/victor/.m2/repository/org/jacoco/org.jacoco.agent/0.7.5.201505241946/org.jacoco.agent-0.7.5.201505241946-runtime.jar"/>
    <property name="sun.boot.class.path" value="/Users/victor/NetBeansJDKs/OpenJDK8U-jdk_x64_mac_hotspot_8u422b05.tar/jdk8u422-b05/Contents/Home/jre/lib/resources.jar:/Users/victor/NetBeansJDKs/OpenJDK8U-jdk_x64_mac_hotspot_8u422b05.tar/jdk8u422-b05/Contents/Home/jre/lib/rt.jar:/Users/victor/NetBeansJDKs/OpenJDK8U-jdk_x64_mac_hotspot_8u422b05.tar/jdk8u422-b05/Contents/Home/jre/lib/sunrsasign.jar:/Users/victor/NetBeansJDKs/OpenJDK8U-jdk_x64_mac_hotspot_8u422b05.tar/jdk8u422-b05/Contents/Home/jre/lib/jsse.jar:/Users/victor/NetBeansJDKs/OpenJDK8U-jdk_x64_mac_hotspot_8u422b05.tar/jdk8u422-b05/Contents/Home/jre/lib/jce.jar:/Users/victor/NetBeansJDKs/OpenJDK8U-jdk_x64_mac_hotspot_8u422b05.tar/jdk8u422-b05/Contents/Home/jre/lib/charsets.jar:/Users/victor/NetBeansJDKs/OpenJDK8U-jdk_x64_mac_hotspot_8u422b05.tar/jdk8u422-b05/Contents/Home/jre/lib/jfr.jar:/Users/victor/NetBeansJDKs/OpenJDK8U-jdk_x64_mac_hotspot_8u422b05.tar/jdk8u422-b05/Contents/Home/jre/classes"/>
    <property name="sun.management.compiler" value="HotSpot 64-Bit Tiered Compilers"/>
    <property name="ftp.nonProxyHosts" value="local|*.local|169.254/16|*.169.254/16"/>
    <property name="java.runtime.version" value="1.8.0_422-b05"/>
    <property name="user.name" value="victor"/>
    <property name="path.separator" value=":"/>
    <property name="os.version" value="11.7.10"/>
    <property name="java.endorsed.dirs" value="/Users/victor/NetBeansJDKs/OpenJDK8U-jdk_x64_mac_hotspot_8u422b05.tar/jdk8u422-b05/Contents/Home/jre/lib/endorsed"/>
    <property name="java.runtime.name" value="OpenJDK Runtime Environment"/>
    <property name="file.encoding" value="UTF-8"/>
    <property name="java.vm.name" value="OpenJDK 64-Bit Server VM"/>
    <property name="maven.ext.class.path" value="/Applications/Apache NetBeans.app/Contents/Resources/netbeans/java/maven-nblib/netbeans-eventspy.jar"/>
    <property name="localRepository" value="/Users/victor/.m2/repository"/>
    <property name="java.vendor.url.bug" value="https://github.com/adoptium/adoptium-support/issues"/>
    <property name="java.io.tmpdir" value="/var/folders/8x/fb7qvkyd28bc509lk2mpsmrc0000gn/T/"/>
    <property name="java.version" value="1.8.0_422"/>
    <property name="user.dir" value="/Users/victor/Desktop/IOC/IOC ARA/M07_Desenvolupament web en entorn serivdor_Bloc2/Github/dawm07eac4TreemarkProva1"/>
    <property name="os.arch" value="x86_64"/>
    <property name="java.vm.specification.name" value="Java Virtual Machine Specification"/>
    <property name="java.awt.printerjob" value="sun.lwawt.macosx.CPrinterJob"/>
    <property name="sun.os.patch.level" value="unknown"/>
    <property name="java.library.path" value="/Users/victor/Library/Java/Extensions:/Library/Java/Extensions:/Network/Library/Java/Extensions:/System/Library/Java/Extensions:/usr/lib/java:."/>
    <property name="java.vm.info" value="mixed mode"/>
    <property name="java.vendor" value="Temurin"/>
    <property name="java.vm.version" value="25.422-b05"/>
    <property name="java.specification.maintenance.version" value="5"/>
    <property name="java.ext.dirs" value="/Users/victor/Library/Java/Extensions:/Users/victor/NetBeansJDKs/OpenJDK8U-jdk_x64_mac_hotspot_8u422b05.tar/jdk8u422-b05/Contents/Home/jre/lib/ext:/Library/Java/Extensions:/Network/Library/Java/Extensions:/System/Library/Java/Extensions:/usr/lib/java"/>
    <property name="sun.io.unicode.encoding" value="UnicodeBig"/>
    <property name="java.class.version" value="52.0"/>
    <property name="socksNonProxyHosts" value="local|*.local|169.254/16|*.169.254/16"/>
  </properties>
  <testcase name="connexioErroniaBaseDeDades" classname="cat.xtec.ioc.repository.impl.DBConnTest" time="0.006">
    <system-err><![CDATA[java.lang.ClassNotFoundException: org.h2.WrongDriver
	at java.net.URLClassLoader.findClass(URLClassLoader.java:387)
	at java.lang.ClassLoader.loadClass(ClassLoader.java:418)
	at sun.misc.Launcher$AppClassLoader.loadClass(Launcher.java:352)
	at java.lang.ClassLoader.loadClass(ClassLoader.java:351)
	at java.lang.Class.forName0(Native Method)
	at java.lang.Class.forName(Class.java:264)
	at cat.xtec.ioc.domain.repository.impl.DBConnection.getConnection(DBConnection.java:57)
	at cat.xtec.ioc.repository.impl.DBConnTest.connexioErroniaBaseDeDades(DBConnTest.java:49)
	at sun.reflect.NativeMethodAccessorImpl.invoke0(Native Method)
	at sun.reflect.NativeMethodAccessorImpl.invoke(NativeMethodAccessorImpl.java:62)
	at sun.reflect.DelegatingMethodAccessorImpl.invoke(DelegatingMethodAccessorImpl.java:43)
	at java.lang.reflect.Method.invoke(Method.java:498)
	at org.junit.runners.model.FrameworkMethod$1.runReflectiveCall(FrameworkMethod.java:50)
	at org.junit.internal.runners.model.ReflectiveCallable.run(ReflectiveCallable.java:12)
	at org.junit.runners.model.FrameworkMethod.invokeExplosively(FrameworkMethod.java:47)
	at org.junit.internal.runners.statements.InvokeMethod.evaluate(InvokeMethod.java:17)
	at org.junit.internal.runners.statements.RunBefores.evaluate(RunBefores.java:26)
	at org.junit.internal.runners.statements.RunAfters.evaluate(RunAfters.java:27)
	at org.junit.runners.ParentRunner.runLeaf(ParentRunner.java:325)
	at org.junit.runners.BlockJUnit4ClassRunner.runChild(BlockJUnit4ClassRunner.java:78)
	at org.junit.runners.BlockJUnit4ClassRunner.runChild(BlockJUnit4ClassRunner.java:57)
	at org.junit.runners.ParentRunner$3.run(ParentRunner.java:290)
	at org.junit.runners.ParentRunner$1.schedule(ParentRunner.java:71)
	at org.junit.runners.ParentRunner.runChildren(ParentRunner.java:288)
	at org.junit.runners.ParentRunner.access$000(ParentRunner.java:58)
	at org.junit.runners.ParentRunner$2.evaluate(ParentRunner.java:268)
	at org.junit.runners.ParentRunner.run(ParentRunner.java:363)
	at org.apache.maven.surefire.junit4.JUnit4Provider.execute(JUnit4Provider.java:316)
	at org.apache.maven.surefire.junit4.JUnit4Provider.executeWithRerun(JUnit4Provider.java:240)
	at org.apache.maven.surefire.junit4.JUnit4Provider.executeTestSet(JUnit4Provider.java:214)
	at org.apache.maven.surefire.junit4.JUnit4Provider.invoke(JUnit4Provider.java:155)
	at org.apache.maven.surefire.booter.ForkedBooter.runSuitesInProcess(ForkedBooter.java:385)
	at org.apache.maven.surefire.booter.ForkedBooter.execute(ForkedBooter.java:162)
	at org.apache.maven.surefire.booter.ForkedBooter.run(ForkedBooter.java:507)
	at org.apache.maven.surefire.booter.ForkedBooter.main(ForkedBooter.java:495)
]]></system-err>
  </testcase>
  <testcase name="connectarAmbLaBaseDeDades" classname="cat.xtec.ioc.repository.impl.DBConnTest" time="0.052"/>
</testsuite>