<?xml version="1.0" encoding="UTF-8"?>
<testsuite xmlns:xsi="http://www.w3.org/2001/XMLSchema-instance" xsi:noNamespaceSchemaLocation="https://maven.apache.org/surefire/maven-surefire-plugin/xsd/surefire-test-report-3.0.xsd" version="3.0" name="cat.xtec.ioc.repository.impl.ArticleDAOTest" time="0.244" tests="1" errors="0" skipped="0" failures="0">
  <properties>
    <property name="sun.desktop" value="windows"/>
    <property name="awt.toolkit" value="sun.awt.windows.WToolkit"/>
    <property name="file.encoding.pkg" value="sun.io"/>
    <property name="java.specification.version" value="1.8"/>
    <property name="sun.cpu.isalist" value="amd64"/>
    <property name="sun.jnu.encoding" value="Cp1252"/>
    <property name="java.class.path" value="C:\Users\monfo\DAWGit\dawm07eac4TreemarkEnunciat\target\test-classes;C:\Users\monfo\DAWGit\dawm07eac4TreemarkEnunciat\target\classes;C:\Users\monfo\.m2\repository\org\springframework\spring-webmvc\4.3.4.RELEASE\spring-webmvc-4.3.4.RELEASE.jar;C:\Users\monfo\.m2\repository\org\springframework\spring-aop\4.3.4.RELEASE\spring-aop-4.3.4.RELEASE.jar;C:\Users\monfo\.m2\repository\org\springframework\spring-beans\4.3.4.RELEASE\spring-beans-4.3.4.RELEASE.jar;C:\Users\monfo\.m2\repository\org\springframework\spring-context\4.3.4.RELEASE\spring-context-4.3.4.RELEASE.jar;C:\Users\monfo\.m2\repository\org\springframework\spring-expression\4.3.4.RELEASE\spring-expression-4.3.4.RELEASE.jar;C:\Users\monfo\.m2\repository\org\springframework\spring-web\4.3.4.RELEASE\spring-web-4.3.4.RELEASE.jar;C:\Users\monfo\.m2\repository\javax\servlet\jstl\1.2\jstl-1.2.jar;C:\Users\monfo\.m2\repository\javax\servlet\javax.servlet-api\3.1.0\javax.servlet-api-3.1.0.jar;C:\Users\monfo\.m2\repository\javax\javaee-web-api\7.0\javaee-web-api-7.0.jar;C:\Users\monfo\.m2\repository\com\h2database\h2\1.4.193\h2-1.4.193.jar;C:\Users\monfo\.m2\repository\org\eclipse\persistence\eclipselink\2.6.4\eclipselink-2.6.4.jar;C:\Users\monfo\.m2\repository\org\eclipse\persistence\javax.persistence\2.1.1\javax.persistence-2.1.1.jar;C:\Users\monfo\.m2\repository\org\eclipse\persistence\commonj.sdo\2.1.1\commonj.sdo-2.1.1.jar;C:\Users\monfo\.m2\repository\javax\validation\validation-api\1.1.0.Final\validation-api-1.1.0.Final.jar;C:\Users\monfo\.m2\repository\org\glassfish\javax.json\1.0.4\javax.json-1.0.4.jar;C:\Users\monfo\.m2\repository\junit\junit\4.12\junit-4.12.jar;C:\Users\monfo\.m2\repository\org\hamcrest\hamcrest-core\1.3\hamcrest-core-1.3.jar;C:\Users\monfo\.m2\repository\org\springframework\spring-core\4.3.4.RELEASE\spring-core-4.3.4.RELEASE.jar;C:\Users\monfo\.m2\repository\commons-logging\commons-logging\1.2\commons-logging-1.2.jar;C:\Users\monfo\.m2\repository\mysql\mysql-connector-java\5.1.40\mysql-connector-java-5.1.40.jar;C:\Users\monfo\.m2\repository\org\springframework\spring-tx\4.3.4.RELEASE\spring-tx-4.3.4.RELEASE.jar;C:\Users\monfo\.m2\repository\org\springframework\spring-orm\4.3.4.RELEASE\spring-orm-4.3.4.RELEASE.jar;C:\Users\monfo\.m2\repository\org\springframework\spring-jdbc\4.3.4.RELEASE\spring-jdbc-4.3.4.RELEASE.jar;C:\Users\monfo\.m2\repository\org\hibernate\hibernate-core\5.2.5.Final\hibernate-core-5.2.5.Final.jar;C:\Users\monfo\.m2\repository\org\jboss\logging\jboss-logging\3.3.0.Final\jboss-logging-3.3.0.Final.jar;C:\Users\monfo\.m2\repository\org\hibernate\javax\persistence\hibernate-jpa-2.1-api\1.0.0.Final\hibernate-jpa-2.1-api-1.0.0.Final.jar;C:\Users\monfo\.m2\repository\org\javassist\javassist\3.20.0-GA\javassist-3.20.0-GA.jar;C:\Users\monfo\.m2\repository\antlr\antlr\2.7.7\antlr-2.7.7.jar;C:\Users\monfo\.m2\repository\org\apache\geronimo\specs\geronimo-jta_1.1_spec\1.1.1\geronimo-jta_1.1_spec-1.1.1.jar;C:\Users\monfo\.m2\repository\org\jboss\jandex\2.0.3.Final\jandex-2.0.3.Final.jar;C:\Users\monfo\.m2\repository\com\fasterxml\classmate\1.3.0\classmate-1.3.0.jar;C:\Users\monfo\.m2\repository\dom4j\dom4j\1.6.1\dom4j-1.6.1.jar;C:\Users\monfo\.m2\repository\org\hibernate\common\hibernate-commons-annotations\5.0.1.Final\hibernate-commons-annotations-5.0.1.Final.jar;C:\Users\monfo\.m2\repository\javax\enterprise\cdi-api\1.1\cdi-api-1.1.jar;C:\Users\monfo\.m2\repository\javax\el\el-api\2.2\el-api-2.2.jar;C:\Users\monfo\.m2\repository\org\jboss\spec\javax\interceptor\jboss-interceptors-api_1.1_spec\1.0.0.Beta1\jboss-interceptors-api_1.1_spec-1.0.0.Beta1.jar;C:\Users\monfo\.m2\repository\javax\annotation\jsr250-api\1.0\jsr250-api-1.0.jar;C:\Users\monfo\.m2\repository\javax\inject\javax.inject\1\javax.inject-1.jar;C:\Users\monfo\.m2\repository\org\hibernate\hibernate-validator\5.3.4.Final\hibernate-validator-5.3.4.Final.jar;C:\Users\monfo\.m2\repository\org\springframework\security\spring-security-web\3.1.4.RELEASE\spring-security-web-3.1.4.RELEASE.jar;C:\Users\monfo\.m2\repository\aopalliance\aopalliance\1.0\aopalliance-1.0.jar;C:\Users\monfo\.m2\repository\org\springframework\security\spring-security-core\3.1.4.RELEASE\spring-security-core-3.1.4.RELEASE.jar;C:\Users\monfo\.m2\repository\org\springframework\security\spring-security-taglibs\3.1.4.RELEASE\spring-security-taglibs-3.1.4.RELEASE.jar;C:\Users\monfo\.m2\repository\org\springframework\security\spring-security-acl\3.1.4.RELEASE\spring-security-acl-3.1.4.RELEASE.jar;"/>
    <property name="java.vm.vendor" value="Temurin"/>
    <property name="sun.arch.data.model" value="64"/>
    <property name="user.variant" value=""/>
    <property name="java.vendor.url" value="https://adoptium.net/"/>
    <property name="user.timezone" value="Europe/Paris"/>
    <property name="java.vm.specification.version" value="1.8"/>
    <property name="os.name" value="Windows 11"/>
    <property name="sun.java.launcher" value="SUN_STANDARD"/>
    <property name="user.country" value="ES"/>
    <property name="sun.boot.library.path" value="C:\Users\monfo\OneDrive\Documentos\NetBeansJDKs\OpenJDK8U-jdk_x64_windows_hotspot_8u422b05\jdk8u422-b05\jre\bin"/>
    <property name="sun.java.command" value="C:\Users\monfo\AppData\Local\Temp\surefire803846591758951514\surefirebooter-20250930233943609_3.jar C:\Users\monfo\AppData\Local\Temp\surefire803846591758951514 2025-09-30T23-39-43_198-jvmRun1 surefire-20250930233943609_1tmp surefire_0-20250930233943609_2tmp"/>
    <property name="surefire.test.class.path" value="C:\Users\monfo\DAWGit\dawm07eac4TreemarkEnunciat\target\test-classes;C:\Users\monfo\DAWGit\dawm07eac4TreemarkEnunciat\target\classes;C:\Users\monfo\.m2\repository\org\springframework\spring-webmvc\4.3.4.RELEASE\spring-webmvc-4.3.4.RELEASE.jar;C:\Users\monfo\.m2\repository\org\springframework\spring-aop\4.3.4.RELEASE\spring-aop-4.3.4.RELEASE.jar;C:\Users\monfo\.m2\repository\org\springframework\spring-beans\4.3.4.RELEASE\spring-beans-4.3.4.RELEASE.jar;C:\Users\monfo\.m2\repository\org\springframework\spring-context\4.3.4.RELEASE\spring-context-4.3.4.RELEASE.jar;C:\Users\monfo\.m2\repository\org\springframework\spring-expression\4.3.4.RELEASE\spring-expression-4.3.4.RELEASE.jar;C:\Users\monfo\.m2\repository\org\springframework\spring-web\4.3.4.RELEASE\spring-web-4.3.4.RELEASE.jar;C:\Users\monfo\.m2\repository\javax\servlet\jstl\1.2\jstl-1.2.jar;C:\Users\monfo\.m2\repository\javax\servlet\javax.servlet-api\3.1.0\javax.servlet-api-3.1.0.jar;C:\Users\monfo\.m2\repository\javax\javaee-web-api\7.0\javaee-web-api-7.0.jar;C:\Users\monfo\.m2\repository\com\h2database\h2\1.4.193\h2-1.4.193.jar;C:\Users\monfo\.m2\repository\org\eclipse\persistence\eclipselink\2.6.4\eclipselink-2.6.4.jar;C:\Users\monfo\.m2\repository\org\eclipse\persistence\javax.persistence\2.1.1\javax.persistence-2.1.1.jar;C:\Users\monfo\.m2\repository\org\eclipse\persistence\commonj.sdo\2.1.1\commonj.sdo-2.1.1.jar;C:\Users\monfo\.m2\repository\javax\validation\validation-api\1.1.0.Final\validation-api-1.1.0.Final.jar;C:\Users\monfo\.m2\repository\org\glassfish\javax.json\1.0.4\javax.json-1.0.4.jar;C:\Users\monfo\.m2\repository\junit\junit\4.12\junit-4.12.jar;C:\Users\monfo\.m2\repository\org\hamcrest\hamcrest-core\1.3\hamcrest-core-1.3.jar;C:\Users\monfo\.m2\repository\org\springframework\spring-core\4.3.4.RELEASE\spring-core-4.3.4.RELEASE.jar;C:\Users\monfo\.m2\repository\commons-logging\commons-logging\1.2\commons-logging-1.2.jar;C:\Users\monfo\.m2\repository\mysql\mysql-connector-java\5.1.40\mysql-connector-java-5.1.40.jar;C:\Users\monfo\.m2\repository\org\springframework\spring-tx\4.3.4.RELEASE\spring-tx-4.3.4.RELEASE.jar;C:\Users\monfo\.m2\repository\org\springframework\spring-orm\4.3.4.RELEASE\spring-orm-4.3.4.RELEASE.jar;C:\Users\monfo\.m2\repository\org\springframework\spring-jdbc\4.3.4.RELEASE\spring-jdbc-4.3.4.RELEASE.jar;C:\Users\monfo\.m2\repository\org\hibernate\hibernate-core\5.2.5.Final\hibernate-core-5.2.5.Final.jar;C:\Users\monfo\.m2\repository\org\jboss\logging\jboss-logging\3.3.0.Final\jboss-logging-3.3.0.Final.jar;C:\Users\monfo\.m2\repository\org\hibernate\javax\persistence\hibernate-jpa-2.1-api\1.0.0.Final\hibernate-jpa-2.1-api-1.0.0.Final.jar;C:\Users\monfo\.m2\repository\org\javassist\javassist\3.20.0-GA\javassist-3.20.0-GA.jar;C:\Users\monfo\.m2\repository\antlr\antlr\2.7.7\antlr-2.7.7.jar;C:\Users\monfo\.m2\repository\org\apache\geronimo\specs\geronimo-jta_1.1_spec\1.1.1\geronimo-jta_1.1_spec-1.1.1.jar;C:\Users\monfo\.m2\repository\org\jboss\jandex\2.0.3.Final\jandex-2.0.3.Final.jar;C:\Users\monfo\.m2\repository\com\fasterxml\classmate\1.3.0\classmate-1.3.0.jar;C:\Users\monfo\.m2\repository\dom4j\dom4j\1.6.1\dom4j-1.6.1.jar;C:\Users\monfo\.m2\repository\org\hibernate\common\hibernate-commons-annotations\5.0.1.Final\hibernate-commons-annotations-5.0.1.Final.jar;C:\Users\monfo\.m2\repository\javax\enterprise\cdi-api\1.1\cdi-api-1.1.jar;C:\Users\monfo\.m2\repository\javax\el\el-api\2.2\el-api-2.2.jar;C:\Users\monfo\.m2\repository\org\jboss\spec\javax\interceptor\jboss-interceptors-api_1.1_spec\1.0.0.Beta1\jboss-interceptors-api_1.1_spec-1.0.0.Beta1.jar;C:\Users\monfo\.m2\repository\javax\annotation\jsr250-api\1.0\jsr250-api-1.0.jar;C:\Users\monfo\.m2\repository\javax\inject\javax.inject\1\javax.inject-1.jar;C:\Users\monfo\.m2\repository\org\hibernate\hibernate-validator\5.3.4.Final\hibernate-validator-5.3.4.Final.jar;C:\Users\monfo\.m2\repository\org\springframework\security\spring-security-web\3.1.4.RELEASE\spring-security-web-3.1.4.RELEASE.jar;C:\Users\monfo\.m2\repository\aopalliance\aopalliance\1.0\aopalliance-1.0.jar;C:\Users\monfo\.m2\repository\org\springframework\security\spring-security-core\3.1.4.RELEASE\spring-security-core-3.1.4.RELEASE.jar;C:\Users\monfo\.m2\repository\org\springframework\security\spring-security-taglibs\3.1.4.RELEASE\spring-security-taglibs-3.1.4.RELEASE.jar;C:\Users\monfo\.m2\repository\org\springframework\security\spring-security-acl\3.1.4.RELEASE\spring-security-acl-3.1.4.RELEASE.jar;"/>
    <property name="sun.cpu.endian" value="little"/>
    <property name="user.home" value="C:\Users\monfo"/>
    <property name="user.language" value="ca"/>
    <property name="java.specification.vendor" value="Oracle Corporation"/>
    <property name="java.home" value="C:\Users\monfo\OneDrive\Documentos\NetBeansJDKs\OpenJDK8U-jdk_x64_windows_hotspot_8u422b05\jdk8u422-b05\jre"/>
    <property name="basedir" value="C:\Users\monfo\DAWGit\dawm07eac4TreemarkEnunciat"/>
    <property name="file.separator" value="\"/>
    <property name="line.separator" value="&#10;"/>
    <property name="java.vm.specification.vendor" value="Oracle Corporation"/>
    <property name="java.specification.name" value="Java Platform API Specification"/>
    <property name="java.awt.graphicsenv" value="sun.awt.Win32GraphicsEnvironment"/>
    <property name="surefire.real.class.path" value="C:\Users\monfo\AppData\Local\Temp\surefire803846591758951514\surefirebooter-20250930233943609_3.jar"/>
    <property name="sun.boot.class.path" value="C:\Users\monfo\OneDrive\Documentos\NetBeansJDKs\OpenJDK8U-jdk_x64_windows_hotspot_8u422b05\jdk8u422-b05\jre\lib\resources.jar;C:\Users\monfo\OneDrive\Documentos\NetBeansJDKs\OpenJDK8U-jdk_x64_windows_hotspot_8u422b05\jdk8u422-b05\jre\lib\rt.jar;C:\Users\monfo\OneDrive\Documentos\NetBeansJDKs\OpenJDK8U-jdk_x64_windows_hotspot_8u422b05\jdk8u422-b05\jre\lib\sunrsasign.jar;C:\Users\monfo\OneDrive\Documentos\NetBeansJDKs\OpenJDK8U-jdk_x64_windows_hotspot_8u422b05\jdk8u422-b05\jre\lib\jsse.jar;C:\Users\monfo\OneDrive\Documentos\NetBeansJDKs\OpenJDK8U-jdk_x64_windows_hotspot_8u422b05\jdk8u422-b05\jre\lib\jce.jar;C:\Users\monfo\OneDrive\Documentos\NetBeansJDKs\OpenJDK8U-jdk_x64_windows_hotspot_8u422b05\jdk8u422-b05\jre\lib\charsets.jar;C:\Users\monfo\OneDrive\Documentos\NetBeansJDKs\OpenJDK8U-jdk_x64_windows_hotspot_8u422b05\jdk8u422-b05\jre\lib\jfr.jar;C:\Users\monfo\OneDrive\Documentos\NetBeansJDKs\OpenJDK8U-jdk_x64_windows_hotspot_8u422b05\jdk8u422-b05\jre\classes"/>
    <property name="user.script" value=""/>
    <property name="sun.management.compiler" value="HotSpot 64-Bit Tiered Compilers"/>
    <property name="java.runtime.version" value="1.8.0_422-b05"/>
    <property name="user.name" value="monfo"/>
    <property name="path.separator" value=";"/>
    <property name="os.version" value="10.0"/>
    <property name="java.endorsed.dirs" value="C:\Users\monfo\OneDrive\Documentos\NetBeansJDKs\OpenJDK8U-jdk_x64_windows_hotspot_8u422b05\jdk8u422-b05\jre\lib\endorsed"/>
    <property name="java.runtime.name" value="OpenJDK Runtime Environment"/>
    <property name="file.encoding" value="Cp1252"/>
    <property name="java.vm.name" value="OpenJDK 64-Bit Server VM"/>
    <property name="maven.ext.class.path" value="C:\Program Files\NetBeans-21\netbeans\java\maven-nblib\netbeans-eventspy.jar"/>
    <property name="localRepository" value="C:\Users\monfo\.m2\repository"/>
    <property name="java.vendor.url.bug" value="https://github.com/adoptium/adoptium-support/issues"/>
    <property name="java.io.tmpdir" value="C:\Users\monfo\AppData\Local\Temp\"/>
    <property name="java.version" value="1.8.0_422"/>
    <property name="user.dir" value="C:\Users\monfo\DAWGit\dawm07eac4TreemarkEnunciat"/>
    <property name="os.arch" value="amd64"/>
    <property name="java.vm.specification.name" value="Java Virtual Machine Specification"/>
    <property name="java.awt.printerjob" value="sun.awt.windows.WPrinterJob"/>
    <property name="sun.os.patch.level" value=""/>
    <property name="java.library.path" value="C:\Users\monfo\OneDrive\Documentos\NetBeansJDKs\OpenJDK8U-jdk_x64_windows_hotspot_8u422b05\jdk8u422-b05\jre\bin;C:\WINDOWS\Sun\Java\bin;C:\WINDOWS\system32;C:\WINDOWS;C:\Program Files\Eclipse Adoptium\jdk-8.0.432.6-hotspot\bin;C:\Program Files\Java\openjdk-8u342-b07\bin;C:\Program Files\Common Files\Oracle\Java\javapath;C:\Program Files (x86)\Common Files\Oracle\Java\javapath;C:\WINDOWS\system32;C:\WINDOWS;C:\WINDOWS\System32\Wbem;C:\WINDOWS\System32\WindowsPowerShell\v1.0\;C:\WINDOWS\System32\OpenSSH\;C:\Program Files\Git\cmd;C:\Program Files\AutoFirma\AutoFirma;C:\adb;C:\Program Files\nodejs\;C:\Users\monfo\AppData\Local\Programs\Python\Launcher\;C:\Users\monfo\AppData\Local\Microsoft\WindowsApps;C:\Users\monfo\AppData\Local\Programs\Microsoft VS Code\bin;C:\Users\monfo\AppData\Roaming\npm;;."/>
    <property name="java.vm.info" value="mixed mode"/>
    <property name="java.vendor" value="Temurin"/>
    <property name="java.vm.version" value="25.422-b05"/>
    <property name="java.specification.maintenance.version" value="5"/>
    <property name="java.ext.dirs" value="C:\Users\monfo\OneDrive\Documentos\NetBeansJDKs\OpenJDK8U-jdk_x64_windows_hotspot_8u422b05\jdk8u422-b05\jre\lib\ext;C:\WINDOWS\Sun\Java\lib\ext"/>
    <property name="sun.io.unicode.encoding" value="UnicodeLittle"/>
    <property name="java.class.version" value="52.0"/>
  </properties>
  <testcase name="getAllArticles" classname="cat.xtec.ioc.repository.impl.ArticleDAOTest" time="0.187"/>
</testsuite>